<?xml version="1.0" encoding="UTF-8"?>
<!-- Generated by org.testng.reporters.JUnitReportReporter -->
<testsuite hostname="Nadesh-PC" failures="0" tests="5" name="com.MyTests.D15LoginToOHRM_DDF" time="24.072" errors="0" timestamp="2025-04-18T19:43:44 IST" skipped="0">
  <testcase classname="com.MyTests.D15LoginToOHRM_DDF" name="loginToOHROM" time="6.446"/>
  <system-out/>
  <testcase classname="com.MyTests.D15LoginToOHRM_DDF" name="loginToOHROM" time="1.970"/>
  <system-out/>
  <testcase classname="com.MyTests.D15LoginToOHRM_DDF" name="loginToOHROM" time="3.544"/>
  <system-out/>
  <testcase classname="com.MyTests.D15LoginToOHRM_DDF" name="loginToOHROM" time="1.791"/>
  <system-out/>
  <testcase classname="com.MyTests.D15LoginToOHRM_DDF" name="loginToOHROM" time="10.321"/>
  <system-out/>
</testsuite> <!-- com.MyTests.D15LoginToOHRM_DDF -->
