<?xml version="1.0" encoding="UTF-8"?>
<!-- Generated by org.testng.reporters.JUnitReportReporter -->
<testsuite hostname="Nadesh-PC" failures="0" tests="1" name="Ecommerce.D10PracticeTest_Client" time="37.519" errors="0" timestamp="2025-04-22T22:27:33 IST" skipped="0">
  <testcase classname="Ecommerce.D10PracticeTest_Client" name="loginLogout1" time="37.519"/>
  <system-out/>
</testsuite> <!-- Ecommerce.D10PracticeTest_Client -->
