<?xml version="1.0" encoding="UTF-8"?>
<!-- Generated by org.testng.reporters.JUnitReportReporter -->
<testsuite hostname="Nadesh-PC" failures="0" tests="1" name="com.Assignment.A04Registration" time="12.367" errors="0" timestamp="2025-03-03T12:45:03 IST" skipped="0">
  <testcase classname="com.Assignment.A04Registration" name="validation" time="12.367"/>
  <system-out/>
</testsuite> <!-- com.Assignment.A04Registration -->
