<?xml version="1.0" encoding="UTF-8"?>
<!-- Generated by org.testng.reporters.JUnitReportReporter -->
<testsuite hostname="Nadesh-PC" failures="0" tests="1" name="com.MyTests.A02LoginData" time="0.663" errors="0" timestamp="2025-02-26T19:15:09 IST" skipped="0">
  <testcase classname="com.MyTests.A02LoginData" name="login" time="0.663"/>
  <system-out/>
</testsuite> <!-- com.MyTests.A02LoginData -->
