<?xml version="1.0" encoding="UTF-8"?>
<!-- Generated by org.testng.reporters.JUnitReportReporter -->
<testsuite hostname="Nadesh-PC" failures="0" tests="1" name="com.MyTests.D02MysimpleTestNGClass" time="0.012" errors="0" timestamp="2025-02-21T11:31:54 IST" skipped="0">
  <testcase classname="com.MyTests.D02MysimpleTestNGClass" name="f" time="0.012"/>
  <system-out/>
</testsuite> <!-- com.MyTests.D02MysimpleTestNGClass -->
