<?xml version="1.0" encoding="UTF-8"?>
<!-- Generated by org.testng.reporters.JUnitReportReporter -->
<testsuite hostname="Nadesh-PC" failures="0" tests="1" name="com.Assignment.A03DropDown" time="1.649" errors="0" timestamp="2025-03-03T11:46:46 IST" skipped="0">
  <testcase classname="com.Assignment.A03DropDown" name="dropdownList" time="1.649"/>
  <system-out/>
</testsuite> <!-- com.Assignment.A03DropDown -->
