<?xml version="1.0" encoding="UTF-8"?>
<!-- Generated by org.testng.reporters.JUnitReportReporter -->
<testsuite hostname="Nadesh-PC" failures="0" tests="5" name="com.MyTests.D13CreateLoginFile" time="0.024" errors="0" timestamp="2025-04-16T01:29:20 IST" skipped="0">
  <testcase classname="com.MyTests.D13CreateLoginFile" name="createLoginFile" time="0.004"/>
  <system-out/>
  <testcase classname="com.MyTests.D13CreateLoginFile" name="createLoginFile" time="0.002"/>
  <system-out/>
  <testcase classname="com.MyTests.D13CreateLoginFile" name="createLoginFile" time="0.003"/>
  <system-out/>
  <testcase classname="com.MyTests.D13CreateLoginFile" name="createLoginFile" time="0.003"/>
  <system-out/>
  <testcase classname="com.MyTests.D13CreateLoginFile" name="createLoginFile" time="0.012"/>
  <system-out/>
</testsuite> <!-- com.MyTests.D13CreateLoginFile -->
